
[12:39:44] [Main/INFO]	: |Checking package versions| 
[12:39:44] [Main/INFO]	: |All packages up to date| 
[12:39:44] [Main/INFO]	: |Preloading global variables| 
[12:39:44] [Main/INFO]	: |Beginning new instance| 
[12:40:57] [Main/INFO]	: |Instance ended succesfuly| 

[12:41:24] [Main/INFO]	: |Checking package versions| 
[12:41:24] [Main/INFO]	: |All packages up to date| 
[12:41:24] [Main/INFO]	: |Preloading global variables| 
[12:41:24] [Main/INFO]	: |Beginning new instance| 
[12:42:07] [Main/INFO]	: |Instance ended succesfuly| 

[12:42:49] [Main/INFO]	: |Checking package versions| 
[12:42:49] [Main/INFO]	: |All packages up to date| 
[12:42:49] [Main/INFO]	: |Preloading global variables| 
[12:42:49] [Main/INFO]	: |Beginning new instance| 
[12:43:42] [Main/INFO]	: |Instance ended succesfuly| 

[12:49:11] [Main/INFO]	: |Checking package versions| 
[12:49:11] [Main/INFO]	: |All packages up to date| 
[12:49:11] [Main/INFO]	: |Preloading global variables| 
[12:49:11] [Main/INFO]	: |Beginning new instance| 
[12:49:23] [Main/INFO]	: |Changed settings| auto_save

[12:51:26] [Main/INFO]	: |Checking package versions| 
[12:51:26] [Main/INFO]	: |All packages up to date| 
[12:51:26] [Main/INFO]	: |Preloading global variables| 
[12:51:26] [Main/INFO]	: |Beginning new instance| 
[12:51:42] [Main/INFO]	: |Changed settings| auto_save: False -> True
[12:52:05] [Main/INFO]	: |Changed settings| keybinds: {'esc': [b'\x1b'], 'up': [b'H', 1], 'down': [b'P', 1], 'left': [b'K', 1], 'right': [b'M', 1], 'enter': [b'\r']} -> {'esc': [b'\x1b'], 'up': [b'w'], 'down': [b's'], 'left': [b'K', 1], 'right': [b'M', 1], 'enter': [b'\r']}
[12:53:15] [Main/INFO]	: |Changed settings| keybinds: {'esc': [b'\x1b'], 'up': [b'w'], 'down': [b's'], 'left': [b'K', 1], 'right': [b'M', 1], 'enter': [b'\r']} -> {'esc': [b'\x1b'], 'up': [b'H', 1], 'down': [b'P', 1], 'left': [b'K', 1], 'right': [b'M', 1], 'enter': [b'\r']}
[12:53:29] [Main/INFO]	: |Instance ended succesfuly| 

[13:36:44] [Main/INFO]	: |Checking package versions| 
[13:36:44] [Main/INFO]	: |All packages up to date| 
[13:36:44] [Main/INFO]	: |Preloading global variables| 
[13:36:44] [Main/INFO]	: |Beginning new instance| 
[13:36:44] [Main/ERROR]	: |Instance crahed| (<class 'FileExistsError'>, FileExistsError(17, 'Nem lehet fájlt létrehozni, ha az adott fájl már létezik'), <traceback object at 0x0000007CDDAD1A80>)

[13:38:03] [Main/INFO]	: |Checking package versions| 
[13:38:03] [Main/INFO]	: |All packages up to date| 
[13:38:03] [Main/INFO]	: |Preloading global variables| 
[13:38:03] [Main/INFO]	: |Beginning new instance| 
[13:38:07] [Main/INFO]	: |Instance ended succesfuly| 

[21:12:56] [Main/INFO]	: |Checking package versions| 
[21:12:56] [Main/INFO]	: |All packages up to date| 
[21:12:56] [Main/INFO]	: |Preloading global variables| 
[21:12:57] [Main/INFO]	: |Beginning new instance| 
[21:13:05] [Main/INFO]	: |Instance ended succesfuly| 

[21:13:11] [Main/INFO]	: |Checking package versions| 
[21:13:11] [Main/INFO]	: |All packages up to date| 
[21:13:11] [Main/INFO]	: |Preloading global variables| 
[21:13:11] [Main/INFO]	: |Beginning new instance| 
[21:13:22] [Main/INFO]	: |Instance ended succesfuly| 

[21:17:51] [Main/INFO]	: |Checking package versions| 
[21:17:51] [Main/INFO]	: |All packages up to date| 
[21:17:51] [Main/INFO]	: |Preloading global variables| 
[21:17:51] [Main/INFO]	: |Beginning new instance| 
[21:17:51] [Main/ERROR]	: |Instance crahed| (<class 'KeyError'>, KeyError('save_version'), <traceback object at 0x000000984AE35E80>)

[21:19:27] [Main/INFO]	: |Checking package versions| 
[21:19:27] [Main/INFO]	: |All packages up to date| 
[21:19:27] [Main/INFO]	: |Preloading global variables| 
[21:19:27] [Main/INFO]	: |Beginning new instance| 
[21:19:32] [Main/INFO]	: |Instance ended succesfuly| 

[21:23:34] [Main/INFO]	: |Checking package versions| 
[21:23:34] [Main/INFO]	: |All packages up to date| 
[21:23:34] [Main/INFO]	: |Preloading global variables| 
[21:23:34] [Main/INFO]	: |Beginning new instance| 
[21:23:37] [Main/INFO]	: |Instance ended succesfuly| 

[21:24:22] [Main/INFO]	: |Checking package versions| 
[21:24:22] [Main/INFO]	: |All packages up to date| 
[21:24:22] [Main/INFO]	: |Preloading global variables| 
[21:24:22] [Main/INFO]	: |Beginning new instance| 

[21:24:39] [Main/INFO]	: |Checking package versions| 
[21:24:39] [Main/INFO]	: |All packages up to date| 
[21:24:39] [Main/INFO]	: |Preloading global variables| 
[21:24:39] [Main/INFO]	: |Beginning new instance| 
[21:24:42] [Main/INFO]	: |Instance ended succesfuly| 

[21:28:52] [Main/INFO]	: |Checking package versions| 
[21:28:52] [Main/INFO]	: |All packages up to date| 
[21:28:52] [Main/INFO]	: |Preloading global variables| 
[21:28:52] [Main/INFO]	: |Beginning new instance| 
[21:28:54] [Main/INFO]	: |Instance ended succesfuly| 

[21:37:29] [Main/INFO]	: |Checking package versions| 
[21:37:29] [Main/INFO]	: |All packages up to date| 
[21:37:29] [Main/INFO]	: |Preloading global variables| 
[21:37:29] [Main/INFO]	: |Beginning new instance| 
[21:37:31] [Main/INFO]	: |Instance ended succesfuly| 

[21:41:33] [Main/INFO]	: |Checking package versions| 
[21:41:33] [Main/INFO]	: |All packages up to date| 
[21:41:33] [Main/INFO]	: |Preloading global variables| 
[21:41:33] [Main/INFO]	: |Beginning new instance| 
[21:41:36] [Main/INFO]	: |Instance ended succesfuly| 

[21:44:56] [Main/INFO]	: |Checking package versions| 
[21:44:56] [Main/INFO]	: |All packages up to date| 
[21:44:56] [Main/INFO]	: |Preloading global variables| 
[21:44:56] [Main/INFO]	: |Beginning new instance| 
[21:45:06] [Main/INFO]	: |Instance ended succesfuly| 

[21:46:05] [Main/INFO]	: |Checking package versions| 
[21:46:05] [Main/INFO]	: |All packages up to date| 
[21:46:05] [Main/INFO]	: |Preloading global variables| 
[21:46:05] [Main/INFO]	: |Beginning new instance| 
[21:46:32] [Main/INFO]	: |Instance ended succesfuly| 

[22:03:23] [Main/INFO]	: |Checking package versions| 
[22:03:23] [Main/INFO]	: |All packages up to date| 
[22:03:23] [Main/INFO]	: |Preloading global variables| 
[22:03:23] [Main/INFO]	: |Beginning new instance| 

[22:04:10] [Main/INFO]	: |Checking package versions| 
[22:04:10] [Main/INFO]	: |All packages up to date| 
[22:04:10] [Main/INFO]	: |Preloading global variables| 
[22:04:10] [Main/INFO]	: |Beginning new instance| 
[22:04:14] [Main/ERROR]	: |Instance crahed| (<class 'AttributeError'>, AttributeError("'float' object has no attribute 'split'"), <traceback object at 0x0000009F1C0DD000>)

[22:04:48] [Main/INFO]	: |Checking package versions| 
[22:04:48] [Main/INFO]	: |All packages up to date| 
[22:04:48] [Main/INFO]	: |Preloading global variables| 
[22:04:48] [Main/INFO]	: |Beginning new instance| 
[22:04:54] [Main/INFO]	: |Loaded save| slot number: 1, hero name: "You", last saved: 2022-06-15 16:12:24
[22:04:54] [Main/INFO]	: |Preparing game data| 
[22:04:54] [Main/INFO]	: |Game loop started| 
[22:04:57] [Auto saver/INFO]	: |Beginning auto save| slot number: 1
[22:04:57] [Auto saver/INFO]	: |Game saved| slot number: 1, player name: "You"
[22:04:57] [Quit manager/INFO]	: |Beginning manual save| slot number: 1
[22:04:57] [Quit manager/INFO]	: |Game saved| slot number: 1, player name: "You"
[22:05:10] [Main/INFO]	: |Game loop ended| 
[22:05:18] [Main/INFO]	: |Instance ended succesfuly| 

[22:06:23] [Main/INFO]	: |Checking package versions| 
[22:06:23] [Main/INFO]	: |All packages up to date| 
[22:06:23] [Main/INFO]	: |Preloading global variables| 
[22:06:23] [Main/INFO]	: |Beginning new instance| 
[22:06:28] [Main/INFO]	: |Instance ended succesfuly| 

[22:07:11] [Main/INFO]	: |Checking package versions| 
[22:07:11] [Main/INFO]	: |All packages up to date| 
[22:07:11] [Main/INFO]	: |Preloading global variables| 
[22:07:11] [Main/INFO]	: |Beginning new instance| 
[22:07:17] [Main/INFO]	: |Loaded save| slot number: 2, hero name: "k", last saved: 2022-06-15 16:09:28
[22:07:17] [Main/INFO]	: |Preparing game data| 
[22:07:17] [Main/INFO]	: |Game loop started| 
[22:07:20] [Auto saver/INFO]	: |Beginning auto save| slot number: 2
[22:07:20] [Auto saver/INFO]	: |Game saved| slot number: 2, player name: "k"
[22:07:22] [Main/INFO]	: |Fight started| 
[22:07:27] [Main/INFO]	: |Fight ended| 
[22:07:27] [Main/INFO]	: |Game saved| slot number: 2, player name: "k"
[22:07:34] [Main/INFO]	: |Game loop ended| 
[22:07:39] [Main/INFO]	: |Instance ended succesfuly| 

[22:10:14] [Main/INFO]	: |Checking package versions| 
[22:10:14] [Main/INFO]	: |All packages up to date| 
[22:10:14] [Main/INFO]	: |Preloading global variables| 
[22:10:14] [Main/INFO]	: |Beginning new instance| 
[22:10:29] [Main/ERROR]	: |Instance crahed| (<class 'TypeError'>, TypeError('can only concatenate str (not "int") to str'), <traceback object at 0x000000ABD9A2D800>)

[22:10:59] [Main/INFO]	: |Checking package versions| 
[22:10:59] [Main/INFO]	: |All packages up to date| 
[22:10:59] [Main/INFO]	: |Preloading global variables| 
[22:10:59] [Main/INFO]	: |Beginning new instance| 
[22:11:03] [Main/ERROR]	: |Instance crahed| (<class 'TypeError'>, TypeError('can only concatenate str (not "int") to str'), <traceback object at 0x000000DB16CC16C0>)

[22:11:21] [Main/INFO]	: |Checking package versions| 
[22:11:21] [Main/INFO]	: |All packages up to date| 
[22:11:21] [Main/INFO]	: |Preloading global variables| 
[22:11:21] [Main/INFO]	: |Beginning new instance| 
[22:11:25] [Main/ERROR]	: |Instance crahed| (<class 'OSError'>, OSError(22, 'Invalid argument'), <traceback object at 0x000000E83CD71300>)

[22:12:36] [Main/INFO]	: |Checking package versions| 
[22:12:36] [Main/INFO]	: |All packages up to date| 
[22:12:36] [Main/INFO]	: |Preloading global variables| 
[22:12:36] [Main/INFO]	: |Beginning new instance| 
[22:12:41] [Main/INFO]	: |Loaded save| slot number: 2, hero name: "k", last saved: 2022-06-15 16:09:28
[22:12:41] [Main/INFO]	: |Preparing game data| 
[22:12:41] [Main/INFO]	: |Game loop started| 
[22:12:43] [Quit manager/INFO]	: |Beginning manual save| slot number: 2
[22:12:43] [Quit manager/INFO]	: |Game saved| slot number: 2, player name: "k"
[22:12:44] [Auto saver/INFO]	: |Beginning auto save| slot number: 2
[22:12:44] [Auto saver/INFO]	: |Game saved| slot number: 2, player name: "k"
[22:12:47] [Main/INFO]	: |Game loop ended| 
[22:12:47] [Main/ERROR]	: |Instance crahed| (<class 'ValueError'>, ValueError("invalid literal for int() with base 10: '2.bak'"), <traceback object at 0x000000B5EFC5D340>)

[22:17:41] [Main/INFO]	: |Checking package versions| 
[22:17:41] [Main/WARN]	: |Some packages are not up to date| ['save_file_manager']
[22:17:48] [Main/INFO]	: |Continuing anyways| 
[22:17:48] [Main/INFO]	: |Preloading global variables| 
[22:17:48] [Main/INFO]	: |Beginning new instance| 
[22:18:08] [Main/INFO]	: |Instance ended succesfuly| 

[22:18:37] [Main/INFO]	: |Checking package versions| 
[22:18:37] [Main/WARN]	: |Some packages are not up to date| ['save_file_manager']
[22:18:40] [Main/INFO]	: |Continuing anyways| 
[22:18:40] [Main/INFO]	: |Preloading global variables| 
[22:18:40] [Main/INFO]	: |Beginning new instance| 
[22:18:44] [Main/INFO]	: |Instance ended succesfuly| 

[22:25:59] [Main/INFO]	: |Checking package versions| 
[22:25:59] [Main/INFO]	: |All packages up to date| 
[22:25:59] [Main/INFO]	: |Preloading global variables| 
[22:25:59] [Main/INFO]	: |Beginning new instance| 
[22:26:10] [Main/INFO]	: |Trying to load save with an incorrect version| 1.0 -> 0.0
[22:26:20] [Main/INFO]	: |Made backup| save3.sav.bak
[22:26:20] [Main/INFO]	: |Loaded save| slot number: 3, hero name: "You", last saved: 2022-06-15 16:12:44
[22:26:20] [Main/INFO]	: |Preparing game data| 
[22:26:20] [Main/INFO]	: |Game loop started| 
[22:26:23] [Auto saver/INFO]	: |Beginning auto save| slot number: 3
[22:26:23] [Auto saver/INFO]	: |Game saved| slot number: 3, player name: "You"
[22:26:25] [Main/INFO]	: |Fight started| 
[22:26:34] [Main/INFO]	: |Fight ended| 
[22:26:34] [Main/INFO]	: |Game saved| slot number: 3, player name: "You"
[22:27:14] [Main/INFO]	: |Game loop ended| 
[22:27:17] [Main/INFO]	: |Instance ended succesfuly| 

[22:46:20] [Main/INFO]	: |Checking package versions| 
[22:46:20] [Main/INFO]	: |All packages up to date| 
[22:46:20] [Main/INFO]	: |Preloading global variables| 
[22:46:20] [Main/INFO]	: |Beginning new instance| 
[22:46:27] [Main/INFO]	: |Instance ended succesfuly| 

[22:46:52] [Main/INFO]	: |Checking package versions| 
[22:46:52] [Main/INFO]	: |All packages up to date| 
[22:46:52] [Main/INFO]	: |Preloading global variables| 
[22:46:52] [Main/INFO]	: |Beginning new instance| 
[22:47:06] [Main/INFO]	: |Trying to load save with an incorrect version| 1.0 -> 0.0
[22:47:09] [Main/INFO]	: |Recreating backups folder| 
[22:47:09] [Main/INFO]	: |Made backup| save2.sav.bak
[22:47:09] [Main/INFO]	: |Loaded save| slot number: 2, hero name: "k", last saved: 2022-06-15 16:09:28
[22:47:09] [Main/INFO]	: |Preparing game data| 
[22:47:09] [Main/INFO]	: |Game loop started| 
[22:47:11] [Quit manager/INFO]	: |Beginning manual save| slot number: 2
[22:47:11] [Quit manager/INFO]	: |Game saved| slot number: 2, player name: "k"
[22:47:12] [Auto saver/INFO]	: |Beginning auto save| slot number: 2
[22:47:12] [Auto saver/INFO]	: |Game saved| slot number: 2, player name: "k"
[22:47:23] [Main/INFO]	: |Game loop ended| 
[22:48:34] [Main/INFO]	: |Instance ended succesfuly| 

[22:49:22] [Main/INFO]	: |Checking package versions| 
[22:49:22] [Main/INFO]	: |All packages up to date| 
[22:49:22] [Main/INFO]	: |Preloading global variables| 
[22:49:22] [Main/INFO]	: |Beginning new instance| 
[22:49:26] [Main/INFO]	: |Trying to load save with an incorrect version| 1.0 -> 0.0
[22:49:27] [Main/INFO]	: |Made backup| backups\save3.sav.bak
[22:49:27] [Main/INFO]	: |Loaded save| slot number: 3, hero name: "You", last saved: 2022-06-15 16:12:44
[22:49:27] [Main/INFO]	: |Preparing game data| 
[22:49:27] [Main/INFO]	: |Game loop started| 
[22:49:30] [Auto saver/INFO]	: |Beginning auto save| slot number: 3
[22:49:30] [Auto saver/INFO]	: |Game saved| slot number: 3, player name: "You"
[22:49:32] [Main/INFO]	: |Fight started| 
[22:49:41] [Main/INFO]	: |Fight ended| 
[22:49:41] [Main/INFO]	: |Game saved| slot number: 3, player name: "You"
[22:49:49] [Main/INFO]	: |Game loop ended| 
[22:49:59] [Main/INFO]	: |Instance ended succesfuly| 

[22:50:36] [Main/INFO]	: |Checking package versions| 
[22:50:36] [Main/INFO]	: |All packages up to date| 
[22:50:36] [Main/INFO]	: |Preloading global variables| 
[22:50:36] [Main/INFO]	: |Beginning new instance| 
[22:50:39] [Main/INFO]	: |Trying to load save with an incorrect version| 1.0 -> 0.0
[22:50:40] [Main/INFO]	: |Loaded save| slot number: 2, hero name: "k", last saved: 2022-06-15 16:09:28
[22:50:40] [Main/INFO]	: |Preparing game data| 
[22:50:40] [Main/INFO]	: |Game loop started| 
[22:50:43] [Auto saver/INFO]	: |Beginning auto save| slot number: 2
[22:50:43] [Auto saver/INFO]	: |Game saved| slot number: 2, player name: "k"
[22:50:45] [Main/INFO]	: |Fight started| 
[22:50:50] [Main/INFO]	: |Fight ended| 
[22:50:51] [Main/INFO]	: |Game saved| slot number: 2, player name: "k"
[22:51:00] [Main/INFO]	: |Game loop ended| 
[22:51:01] [Main/INFO]	: |Instance ended succesfuly| 

[22:56:34] [Main/INFO]	: |Checking package versions| 
[22:56:34] [Main/INFO]	: |All packages up to date| 
[22:56:34] [Main/INFO]	: |Preloading global variables| 
[22:56:34] [Main/INFO]	: |Beginning new instance| 
[22:56:38] [Main/INFO]	: |Instance ended succesfuly| 

[22:57:15] [Main/INFO]	: |Checking package versions| 
[22:57:15] [Main/INFO]	: |All packages up to date| 
[22:57:15] [Main/INFO]	: |Preloading global variables| 
[22:57:15] [Main/INFO]	: |Beginning new instance| 
[22:59:07] [Main/INFO]	: |Instance ended succesfuly| 

[22:59:14] [Main/INFO]	: |Checking package versions| 
[22:59:14] [Main/INFO]	: |All packages up to date| 
[22:59:14] [Main/INFO]	: |Preloading global variables| 
[22:59:14] [Main/INFO]	: |Beginning new instance| 
[22:59:17] [Main/INFO]	: |Trying to load save with an incorrect version| 1.0 -> 0.0
[22:59:19] [Main/INFO]	: |Made backup| backups\save2.sav.bak
[22:59:19] [Main/INFO]	: |Correcting save data| 
[22:59:19] [Main/INFO]	: |Corrected save data| 0.0 -> 1.0
[22:59:19] [Main/INFO]	: |Corrected save data| 1.0 -> ?
[22:59:19] [Main/INFO]	: |Loaded save| slot number: 2, hero name: "k", last saved: 2022-06-15 16:09:28
[22:59:19] [Main/INFO]	: |Preparing game data| 
[22:59:19] [Main/INFO]	: |Game loop started| 
[22:59:22] [Auto saver/INFO]	: |Beginning auto save| slot number: 2
[22:59:22] [Auto saver/INFO]	: |Game saved| slot number: 2, player name: "k"
[22:59:24] [Main/INFO]	: |Fight started| 
[22:59:29] [Main/INFO]	: |Fight ended| 
[22:59:29] [Main/INFO]	: |Game saved| slot number: 2, player name: "k"
[22:59:38] [Main/INFO]	: |Game loop ended| 
[22:59:40] [Main/INFO]	: |Loaded save| slot number: 1, hero name: "You", last saved: 2022-06-17 22:04:57
[22:59:40] [Main/INFO]	: |Preparing game data| 
[22:59:40] [Main/INFO]	: |Game loop started| 
[22:59:40] [Quit manager/INFO]	: |Beginning manual save| slot number: 1
[22:59:41] [Quit manager/INFO]	: |Game saved| slot number: 1, player name: "You"

[23:01:18] [Main/INFO]	: |Checking package versions| 
[23:01:18] [Main/INFO]	: |All packages up to date| 
[23:01:18] [Main/INFO]	: |Preloading global variables| 
[23:01:18] [Main/INFO]	: |Beginning new instance| 
[23:01:19] [Main/INFO]	: |Instance ended succesfuly| 
