
[23:36:56] [Main/INFO]	: |Preloading global variables| 
[23:36:56] [Main/INFO]	: |Beginning new instance| 
[23:37:05] [Main/INFO]	: |Created save| slot number: 2, player name: "kk"
[23:37:05] [Main/INFO]	: |Preparing game data| 
[23:37:05] [Main/INFO]	: |Game loop started| 
[23:37:09] [Quit manager/INFO]	: |Beggining manual save| slot number: 2
[23:37:10] [Auto saver/INFO]	: |Beggining auto save| slot number: 2
[23:37:15] [Auto saver/INFO]	: |Beggining auto save| slot number: 2
[23:37:20] [Auto saver/INFO]	: |Beggining auto save| slot number: 2
[23:37:25] [Auto saver/INFO]	: |Beggining auto save| slot number: 2

[23:37:29] [Main/INFO]	: |Preloading global variables| 
[23:37:29] [Main/INFO]	: |Beginning new instance| 
[23:37:33] [Main/INFO]	: |Loaded save| slot number: 1, hero name: "j", last saved: 2022-05-17 15:51:41
[23:37:33] [Main/INFO]	: |Preparing game data| 
[23:37:33] [Main/INFO]	: |Game loop started| 
[23:37:38] [Auto saver/INFO]	: |Beggining auto save| slot number: 1
[23:37:43] [Auto saver/INFO]	: |Beggining auto save| slot number: 1
[23:37:48] [Auto saver/INFO]	: |Beggining auto save| slot number: 1
[23:37:53] [Auto saver/INFO]	: |Beggining auto save| slot number: 1
[23:38:04] [Main/INFO]	: |Game loop ended| 
[23:39:00] [Main/INFO]	: |Deleted save| slot number: 2, hero name: "kk", last saved: 2022-05-26 23:37:05
[23:39:02] [Main/INFO]	: |Instance ended succesfuly| 

[23:40:32] [Main/INFO]	: |Preloading global variables| 
[23:40:32] [Main/INFO]	: |Beginning new instance| 
[23:40:36] [Main/INFO]	: |Loaded save| slot number: 1, hero name: "j", last saved: 2022-05-17 15:51:41
[23:40:36] [Main/INFO]	: |Preparing game data| 
[23:40:36] [Main/INFO]	: |Game loop started| 
[23:40:38] [Quit manager/INFO]	: |Beggining manual save| slot number: 1
[23:40:38] [Quit manager/ERROR]	: |Thread crahed| (<class 'TypeError'>, TypeError("unsupported operand type(s) for +: 'int' and 'str'"), <traceback object at 0x0000003375D88740>)
[23:40:41] [Auto saver/INFO]	: |Beggining auto save| slot number: 1
[23:40:41] [Auto saver/ERROR]	: |Thread crahed| (<class 'TypeError'>, TypeError("unsupported operand type(s) for +: 'int' and 'str'"), <traceback object at 0x0000003375D88580>)
[23:40:59] [Main/INFO]	: |Game loop ended| 
[23:41:27] [Main/INFO]	: |Instance ended succesfuly| 
