
[19:31:52] [Main/INFO]	: |Preloading global variables| 
[19:31:52] [Main/INFO]	: |Beginning new instance| 
[19:31:52] [Main/ERROR]	: |Parse error| Slot number: 1

[19:32:48] [Main/INFO]	: |Preloading global variables| 
[19:32:48] [Main/INFO]	: |Beginning new instance| 
[19:32:48] [Main/ERROR]	: |Parse error| Slot number: 1

[19:34:44] [Main/INFO]	: |Preloading global variables| 
[19:34:44] [Main/INFO]	: |Beginning new instance| 
[19:34:44] [Main/ERROR]	: |Parse error| Slot number: 1

[19:37:22] [Main/INFO]	: |Preloading global variables| 
[19:37:22] [Main/INFO]	: |Beginning new instance| 
[19:37:22] [Main/ERROR]	: |Parse error| Slot number: 1

[19:38:01] [Main/INFO]	: |Preloading global variables| 
[19:38:01] [Main/INFO]	: |Beginning new instance| 
[19:38:02] [Main/ERROR]	: |Parse error| Slot number: 1

[19:40:57] [Main/INFO]	: |Preloading global variables| 
[19:40:57] [Main/INFO]	: |Beginning new instance| 
[19:40:57] [Main/ERROR]	: |Parse error| Slot number: 1

[19:43:02] [Main/INFO]	: |Preloading global variables| 
[19:43:02] [Main/INFO]	: |Beginning new instance| 
[19:43:02] [Main/ERROR]	: |Parse error| Slot number: 1

[19:44:04] [Main/INFO]	: |Preloading global variables| 
[19:44:04] [Main/INFO]	: |Beginning new instance| 
[19:44:04] [Main/ERROR]	: |Parse error| Slot number: 1

[19:45:04] [Main/INFO]	: |Preloading global variables| 
[19:45:04] [Main/INFO]	: |Beginning new instance| 
[19:45:04] [Main/ERROR]	: |Parse error| Slot number: 1

[19:46:36] [Main/INFO]	: |Preloading global variables| 
[19:46:36] [Main/INFO]	: |Beginning new instance| 
[19:46:36] [Main/ERROR]	: |Parse error| Slot number: 1

[19:50:05] [Main/INFO]	: |Preloading global variables| 
[19:50:05] [Main/INFO]	: |Beginning new instance| 
[19:50:05] [Main/ERROR]	: |Instance crahed| (<class 'UnboundLocalError'>, UnboundLocalError("local variable 'os' referenced before assignment"), <traceback object at 0x000000CDB6E4E5C0>)

[19:50:15] [Main/INFO]	: |Preloading global variables| 
[19:50:15] [Main/INFO]	: |Beginning new instance| 
[19:50:15] [Main/ERROR]	: |Instance crahed| (<class 'UnboundLocalError'>, UnboundLocalError("local variable 'os' referenced before assignment"), <traceback object at 0x000000E294C8EAC0>)

[19:50:43] [Main/INFO]	: |Preloading global variables| 
[19:50:43] [Main/INFO]	: |Beginning new instance| 
[19:50:43] [Main/ERROR]	: |Parse error| Slot number: 1

[19:52:44] [Main/INFO]	: |Preloading global variables| 
[19:52:44] [Main/INFO]	: |Beginning new instance| 
[19:52:44] [Main/ERROR]	: |Instance crahed| (<class 'UnicodeDecodeError'>, UnicodeDecodeError('charmap', b'kKz\xb2\x9c\xb2}t\xd5\xb1\x8d\xb6\n\xabr\xd8\xaa\x8f\xc9\xc6\x92\x9e\x87\xad\xa7\nlq\x88\xdf\xa0\x8e\x88\x9a\xe7\xa3\xc9\xce\xe2\xc0w\xd8\xab\x94\xd1\xe5\xa3\xa4\x97\xd2\xbd\xdd\xbc\xc7p997\xc7+bZQ\x83\x9e\xe4\xa7\xc1kw\\\xa7*O\xa2l\x8ekp[7RD\xae\'\xcecaM\x83~\xc4\xccgu4P\xefB<?\x81\xd5k\x98\xb1\x99\xa2z\xe94\xaf\xb3\xb2\x9a\x9c\x8a\xb0\xcc\xe6KZuP3\x86\xd2\xad=\xcd\xaa\\q\x8b\xc2\x8c\x8c\xdb\xd1\x85\xae\xa7HuAbo\xae\x99\xac\x92\xcc\xa9\x90\x97\x7f\x90r\xa5\xd6\xe8\xa4\xdc*X\x886Q\x80\x85uMSk\xa6|\x9f\xa1\n\xab\xcaeS?N\x81\xc1|\xb3n\\o\xa7jg\xd2\xb5\xd4\xb7\x9c\xc5\xc6Z\xb3\x9bj\xe3X\xaeF\xaax\xab|n`X\x91\xf7\x96\x96\xc7\x94yW\x84\xc6\xa6\x89\xbaZSlK\xbbb\xd8\xa3\xc5\x8a\x99ka\xcdm\xbc\xcf\xb8\x1f\xba\xb4EfeHE2}l\xca\xb4D}\xc6W\xca}ll\xccz\xafO\xc7\xbaK3rMa\xd7\x9b\xde\x81a\xe3\x9e\xc3l\xb3\x94r\x96le\x90yV\x80\xc1\x88\xc0H\xc9\x9a\x85\xceX\x9es\xf8\xc5\x12\x9e\x9a]\x9d\xb4W\x89s\xc5[\xc4\x83/\xa7\xe5\xa6T\xd7\x81iK\x838\x8ekQP\x94\xbc\x80U\x8b\xab\xb5Z\xa3=\xc7ml\xb1\x87F\xdeb\xd7\xcc\x8b\x9c\x82\xd1\x9f\xaf\x8f}\x9bu}\xcb\x899K\xe5\x96z\x87\xb6\x9fM\xb2\xa4mLs\x9eZ\xc3\xb8o\xd3{:;\xc3\x98\xcaV\xda\xc4p\\V\x85Z\x9bY\x14\xd7\x80\x87\x90do\xba{<nhd\xde]Q{w\x838\xc4\xe0\xa1\xf5\\\xca\xa4d\x8f\xbbm\x9f\xba\xcfgn\x90\xec\x8a~BXQi\xe0\xabi\x99\x95\xb0\xb6\xe0\x8b\xdc\xa1}\x9a\xa6m\xe0Ed\x8a\xed\x82W\x9b\xadLUW5\xde\x83\xbe\xd6\x85\xa1]\xaa(\xbb\xbaa\xc9R\xae\\\x8f\xf0WI\xd0\x9d\xc1e\x91\x91\x95\xab]]_\x9e\xb4<\xc1l\xac\xb8i\x8f^\xbfF\x82\xce\xb6WZk\xb1\x8eF\xa1n\xddh\x95\x99k\xeaw\xb20\xd1\xa4h\x9fIso\\j\xa0\xa0\xe1wZ\xe3\xbf\xfdh\xad\xd1+*k\x85s\x9b\x85\xb1pG\xe7:\xf0GD\xc4\xabfy\x85\xb8?\xd6\xab\xde\x8f\xde\xb1Z\x9b\xa0qU\xb6\x7f\x83\xc6\x86\x9d?F\x83\x86\xb4y\xae[\x95\xd0\xb2\x8f\xbct\xc4F\x84\xd0\xab\xb0\xe0Z\x95\xa3\xb8\xaf)>\xbdJ\x9b\xdd\xafW\xa3_\xe9\x8b\xd8\x8a\x93jHbGAf\xc4\x970\x91\xa9\x8c\x94\xb4[\xd7M,\xddam:aq\x80xT\xb9\x7f\xae_Y\xb7<\x9eG\xb2\x9f(x\xcf\xb6\\\x9deE\xcfmV\xad\x95p\xcfT\xe2u\xb8\xbc\xd7b\xa8\xbb\x96\xad\xd3\xa8\xd6y}g\x81G\xcbyw\x89(\xa7\xa3\xa7<\xba\xefa\x7fF\xd6\xb6\x8a\x80\xd5\xc0`\x89\xa5v\xda\xad\xf6\xcdk\xcar\x8b}U\xa8\xb0T\x9c?L}\x98Xt\xa7t\xd5\xb98\xc6\xca\xb1\xac\xbe8{Sa\xdb\xe4\xa8\xa8\x92\xd2g\x7fRt+\x93.\xc4b}t\x7f\x9f\x9aee\x94\xae\x7f\xac\xd8\x8e\xa5\x94z^\x91C\xc6\x88\xce6\xec\xa6\x8f\xe1f\x877\xcb\x88\xb5\xa7{\xab{\xd7S\x7f|tJ\xaf\xe1:\x8d\x8f\xbc\xdbWoL\x95\xd1^[e\xbe\xf5\x7f`a\xc50\xd5e\x9aY\xa4Tz\x9f\xceGL\xac\xbf\xc8\xdaC+\xb9\xc9\xaa\xbe\xd7\x84\xb5\xa1N{\x91\xc3\x9d\xb1JU\xd4\xe0\xb9\xaf\xba_\xae\xa1X\xdc\x9c\x9b\x86\x83H\x92\xb4\xd0\x85cXt\xaa\xbe\xc8\xb7\x83\xc9\xc8\xbe\x80qw"\xc5\xc3\xbf`\xd2A\x83\xa1\x9f\xbc\xbf\x8bIh;\xdb\x8ed\xab4c\x8d\xd6-{R\xba\xb4K\x9b\xaa\x8ch|\xc0=\xa6\xe8=tZ\x8e\xbdb%\xd0v\x87\xcf\xa3\x96\x93.\x8fY\x8d\x96\xd2Pag\xe3\xb9V}\xc3C\xc6\xe2\xcd}_k\xb2\xca\xcb\xa3\xadHV8\xbd\x9c\xe9G|\xcf\xe2t\x9aT{dLA\xd9\xc0\xbcO\xbc\xa33\xb0\xb1E\xa65Yjz2{y\xa9\xa2_\xae\x8esz\x93I>p\xbeg\x98\xde/\xc5\x9d%O[=\xa6Vb\xa6\xed\x94\x9eVe\xc3=b?\x9b\xaa\x9d0\xc6\x80\xbb\xa5\x9e\xd2\xca\xad8\xc5x\xd2\xba\xe0\x97IS\xae\xb6\xef_\xcbF?mOhO\x84\xc1A\x8d\xab\xe0Ku\xb4\xa8{\x12J`Ms\x95\xdas_\xba\x99\xa6\xc2O\xaa\xcb\xda>u\x94)q\x928y\xca<\xa8mSkp\xadn\xc4\x9d\xbfv\x89\xbc\x8d_\x8bg\xc4\xaf\xc1\xbdV\xd3\xdd\x80\x99\x9cP\xa6\x83~\x83\x96\x9fPi\xc0\x81lJ\xccn\xa5^\xa2\xa1~@N,\x8eX\x81}:\xc8\x9e\xbe)\x96\xb3S\'\x8b\xa1\xa4\x82\xef\x8aBljF\x85\xac=\xa7\xcdI\xc7\x9d\xa4\xae_[hQ\xeevN\xc9\x8f\xd4\xc6\xc3\x99\x93\x90\xbbp\xd8\x96\x9b[\xbb\xc5\x94\xbc=\xab{TFg\x99\xda\xccM\xa8\x99^\xc1i\xafU\xc7\xde$\xc3\x87`\x9d\x80LK\x99\x87\xb9P\x93\xc8\xaf\xbf}o\xaez\xdf\xd0\x17]6\x8a\xb2\xb8n[\xba\x98\xbaEt;u|\xa0xp]\x98\xa5F\xb9\xb8R\xa1FDkD\xbdM\x87H\x99RHg\x8c\xb2\xb5\xefS\xb8\xd7\xd4~~\xb2msM\xa1\xd1\x80\xaaw\xa3=\x88\xa2q\xa3\x9c\xc8\x93L\x83\xa0\x97m\xb6e=\xc5\xd1\xa6Y\x84\xa1\xc6\x98\x87l\xc6u\x97\xb7-9W\x7f\xd5\x8b\xa7?\x8b`G\xbb\x97\xabDjQygl\xb0^G\xd0\xac\x88\xc4M\xcf\x9d\x7f\xa7\xc7w\x8f\xe8\xd4\xde\xb9`\xb6\xcf|~\xa3\xeat\x96\xcbx\x9d{\xa8\xb4Yp_*nA\xc3\xbfQ\xb6S{\x8c\xb6\x90\x1f_\xc9\xba\x8d\x98\x8fi`\x86\xabYh\xc5V\xc0o\xbbU|\xd3/H\xacv\x94Q4D9B\x8a\x81\xb9=\xab\xb9j\xc7n\x9cbYyZg*\x97gr2\xdb\xb6M\xabt\xc6\xc1\xa4^x\x93\x94\\\x8fO\xd0[\x81lP\xdb\xd5\xa7e\xa9\xd3\x7fF\x813\x8dS\x9b\x8dI\xa4K\xb5\x92A\x90O\x99\xd4\xc4\x81\xbbT\xaeV?\xdcr\xc7\xc5\xcfZ\xc27\x8b\xe5\x9f\xb0\xdd\x98B\xa9\x8c\xcd\xc3\x9a\\j\xb6S\x7fG\xe7\x7fs\x8csP\xd4rs\x8a\xa8v\x94tiz\xf0y\xcfn\xfcU\x8cmm~1\x8eFEr\x96\xbb\xc7\x7f\xd7\xb4W\xe1}aIK<kL\xda\x8dy\xa1\xa7\x84v`<\xe9Ab\xb3\xb8\xd3J\xbc\xa3cK\xc3@\xaaw\x8c\x90\xb0\x90h)6{\x9f\x8a\xa0\xa5\xca\xa7\xda\xa9\xc76\xd4n3~\x8bd\xca\xc6\x94G\xaa\x98\xd0\xd3\xb3Unj\x91\x9axgGO\xadO\xd0T\xc4U|\x9fo{kdXo\xa2W\xb2\x9aI\x90d\xceZ!v\xb8%f\xb3E\x8b^\x8d\x98\xddN\xbf\x8d\xd0\xc8w\xb1\xa8?\xd0\x8a~zH5\xe7\xc8\x8e\x96\xc37S\x97\xc9\x9f\x90v"m\x82:dl\xa4\xdbf\xc1\xd5K2\xac\x9b\xaa\xb0\xc2\xadgaP\xec\xd9SV\xccNqQ\xfd\x9b\xaaNk\xce\xa0Mz\xb8\xc7\x94My\xac\xc8\x84Q6\xc3\x8e\xa6Yp\x84\x85{\x8a\xd9\xa7\xc2@\xf5N\xc6\x82\xa9\xbfR[\xc0Dj\x9e\x816\x8f\x1f\x93[\x81b\x81\x84W\xce\x8dJ\x82)\xa2Rb\x95]O\x82|\x83\x9e\xd3U\x90\xacHR\x99@Dr\xba\x98\xa3Zy|\xba\x93|\xd0\xad\xe5Y\x89\xb8^K\xcf\xb5\x8f\x93\x9d\x94\x91sqP\xb3\xcdEh\x82\xddN\xae\xc3\xa5\xd9\xad\xd1_\xa3\xddQ\xd9\xd2\x95C\xce\xc3\xbd\x8f\xd3~\xb8V\xb16\xa7|\xb7\x89\xd1;\x84~\xe4\x81Z\xd8\x87v\x99\xb7\xd2\xa9\x8a\xa6\xc8\xdb\x9bZT\x96\xab\xa7\x9a]\xb9\xa1\xa3W\xa1x\x95A\xa6`\xd7\xd0\xbawR\xbc\xceq\xaf\x99\xa7a\xaa\x8a\x19\x9b\x91\x81\xcc\xcc^\xacX\xa5B?h\x9b{\x94\x90L\xc2\xa0y\xd9c\xd0\xafO\xcf\xb8W\x95Q\xb5\xc8\x86\\\x91P=\x98\xba?q\x9afn>\xd61s_H\xb4[E\xb2\xad\x95B\x89hQ\x8c\xd4\xb2\xb8J\xbdL\xd7\xc7\xd7\xa7\xd5\x89\xd3\xb6[\x90\x80\x1fo\xca\x89\x8e_\x98u\xcd\xf9}\x8b%\xe0:|\xcbs\x9f\x98Qre\x9eV\xa4s\xa0\xbf\xb0\xb6\xd5a\xcaw\x9dJw\xbfK\xa0\x9f`\xefD\xc6\xb2\xa7\x9dB\x9bW\xc1\\V\x96\xbc`\xa5\xa3\x99D\xd7\xaf\x8bJ\x9b\x9f\xaf\xbf\x97\x89\xbc\xca\x97^t\x9e\xc8n\xea\xc8\xc2\xce\xa2\xb8\xafQC\xba\\\x84\xa7~\xce\xd2^\xc6\x8e\x98\x81uPS\x89\xb3^\xac\x87@\xa6\x99\xa9;@\x8c~\xdeR\xa3)\xb1\xcd\x91\xbb\x94\x7f\xa6y\xd0\xbcRn\xd7\x99ye\xf9r\xbd\x93|\xc6tHur`\xceW\xd1\xb1n\x93[\x873\x8f\xcd\xd3\x99\xa8k\x99\xf2\xd7e\xc5~:\x83b\\\x97\x8av]\x19BX\x82\xcbHg\x1a\x8ek\x98\x9b8\xcdZ\x9dI\xbd\xb3\xd9\x84S\xc8\xd2\x9e\xa8\x98T^9p\xdbwr\xcf}\xddnZp\xbbZ\xdbj\xac\xa5\xaf\x96^<f~V:\x96eeR^w\x816\xb3ftkz\xb2i\xd0\x81\xd2\x86\xb4\xa8rsg\xaezPH\x8ck\xe43\xd6\x95\xdc\xd7g\xbc\xbaph\x89\x96\x85\xc6\xe9zs\x86\x84\x9bPf@m\xb7x]V\xa6{o\x9b\x8d\xcd_LL\x92~\xb9\xafd\xb2\x92^\xbbQ\xa0\xd4\xbfkj\x828\xd3C\xc0\x99\xd6L\xda\x88\xb3c\xd1\xa6\xc2\xae@\xe1\xc1o\xbbhvRQu\x8f\xa7Zz\xbe\xadn\xadK\xb1bH\xa3\xcb\x82\x91\xdaA\xb9L\xb3q\xc4\xb8-\xd3Ii\xa7\x9c\x7f0\xbe\xba\x7fj1\xa6n\xb9V\xb0EHy\x9b\xd8\xaeL\x8eU7\x84\xd6\x98\x7f\x87\x97\x8d\xf2\x97\xabs#\x9as:\x9f\x95\xa5\xd9\x9b\xbaXX8K,\xcd\xdbvG7a\'\x8f\x82de\x7f\x96\xd3\x81,\xce\xb2u?\xbd\xc1=\xe5\x83\xc4A\xc2\x83CZ\xd0Z\xd1>\xb0yXDz\xc1\xaa\xae[\x93h=\\=\x84\xa0\x91\xd0\x7f\x8c\x88\x8ehRQ\xc1y9\xa3;\xc5S\xf4\xe3\xce\xab\xa4\xdc\x94VXC8}\x92=a\xc0\xd6A\xc7\'\xf3\x98\xbc\xb7\xb3\x98\x8a\x91R\xbf\xb0m\xf4\xa6\x8e\xcf\xa2EvP\xd5\xacg\xac.b\x7f>\x98\xd9AE\xc5\xc8(vPkxX0\xd6\xd8\xb6D\xd2\xa3MAy\xaa!TS\x89\x92\x85\x9bbo\xd4Af6\xb1\x82\x99\xde\x80Og@\xd0y\xb3\x88\xbdU\xbe?\xc7\x95VF`\xd1\xd95H\x8a4\xb6\x87\x90^]\x81\xca\xa4\xc3\x83\xd7\x82\xb4?\xb5_\xd8\x8c\xa3\xc1\xa3d\x8f\x95Y\xcf\x97\xb3\xa2\x8ds\xc7\x9a\xc0|\xd8N\x9b\xb5[|b`\xb6RIQ_\xaa\x95F\xb8\xc4\xa4\xd5\xed;r\x9f\x7f\x864OK^r\xac\xb2\x84C:\x95\xe5I\xd2\xaa_l\xa9\x82\xd2\x7fM\xcdd&\x98\xb0j]\x94\x827:f[C\x99^\xe7Hf\x96\xbe\x9fGS\xb5K\xcf\x9f:\xab\xf6\xa6*p\xb2\xb0I\xc0\xc0\xc2\x8f\xbb&\xd1\xb4\xad\xc5\xc8\xac\x95\\i\xb3\xb8}\xb9\xec\xc3\x95\xafM9\x9f\x9bE\xa2e\x80T\xcd\xb9\x8ep\xa7\x98\xd5\x84e\xb2\xbf\xdcu\x82\xad\xd7\xbd\x8d\xaeY\xbdu\xb9\x93\x84&J\x916\xb9|\xf0h\xcf\x8e\x87>\xc2~p\x98\xbd5Z\x9ap\xb6|n\x7f\xd1\xad\x89\xb2_\xbb\x84wr\xb5\xd0G\xbc\xb8Y\xdax(\x95\xf3X\xa2@9\x95\xce?\xdbJ\xa8\xa1V\xb2\xcd\xb2JT\x90\x9au\xd1\xc7w\xaf\xaaTP\x9d\x86\x7fI\x9cO\xd2Y\x7fD\xb6\x9f\xcf~c\x8dLiDXwyZ3sNj:\x86\xb7w\xc5\xbcS=]\x9e\x9dD\x8dP\xc8 \xd1\xac\x94\xdambh\xb4\xd40i\xa1\xa1\xccvTk\x90\x81jS\xa1\x99\xcac\x80\xdeJF\xb4\xa4\x97\xb5cC\xc0Y\x8f<^W^d\xc0v\x1ea\x91VeD\xae\xba\xcc9\xb0\xbd]\x994qgS\x9e\x8d\x8e{:\x90U|aEZr\xa1\xa5\x85\xa0\xd4\x8e\xcb\xaaMu\xb7\xc7YR\xcb\xbe\xab\xab\xd4\x89\xe6\xaf[\x82[\xc1u\xc8s;\xafM\xb1\xb8;\xd9\xc0\xa0\xa3IW9\xb5\xcd\xc11\xb7\xc8\x93e\xc5oO\x9b_A\xaa{\xa1I\xb1\x93=Be\xb3\xee\xe7`\xc1\xb8\xd0\x96\xb7hi\xd7Sk\xd8x{CQKf\xc2dR\x8ck\xa9\x95\xdef\x90Tf\xa3\xbfR\xbd\xbev\x94Ev\\\x81\x82d\xa2T\xe7\xe7\x97\x82\xa3a\xcc\xc9\x85\x99F\xce?}\x8b\xd4\x8ds2\xa0ee\xbeJ\x8a3\xd3\xc3Q\xb5>\xd4.\xd3\x9ai|oB\xa7o\x999G\x94\x82\xbf\xd3\x81"\x88\xcbPXb\xd2&:G;Y\xb0u\x86W\x81\x98P\xa2}\xafPpg\x80t\x95~\xd7\xce<@\xe6Xs\x94\xd9[Gyg\x8eO\xc5\xa3\xbc_\xee\x95Tt\x86\xb5\xe8\xa6c\xe5t\xbc\xb0=\xdc\x87\xec6\xa1n\x89Q\x89eU5X\xbbC;\xa3\x82vX\xab_\x85.\xc5>E\x983~3\xc0\x96\xa1q\xa7s]/]\xde\xcf\x83\x92\xcfXW\\\xa8\x9b\xf7Z\xede\xb2\xd1;WX\xba>r\x92\xbd\xdbGp\x8b9U9\xb2WAId\xce\xc3guI\x9a\xb41\xcc9z9\xae\xcb\x87\xb9\xc0Y4\xc2j\xdak-/i\xa0\xae-&W\x86\xd5I8_\xb4m[}\xa9I\xc6K\x97\xccl:\xbd\xa2\xbf\xb7b\xd8eF\x937\x9bhV%\xc4`dL\x1e\xb3la\xe6kP5g\x8d\x85\x97\x7f\xca\xbd\xb3K\xaa\xc8|w\x9eMA\xd5\xc4u\x9ak\xa2\xd6\x81\xbe\x89\xad`;\xcd\xbc\xb6n`Z\x93\xb3\xd0\xc2\xc2\x89\x85=I\xdbA\xcb_W\x9a\xf0.\xc8e\xa1V\xa8\xcd:\xb0Fy\xf0yG<E\xbeO\xb4\xa0n\xa1\xbe\xb6j;H\xa8\x98\xbf\xc8\xde}\x95\x9eC\xcf`\xc6\xc6\xa9Z?Mf\xa2w]\xbaZyp"ev\xbcxtf\x92\x93\x7fY\x8e\x8ezzt\xb0&\xd1eP\xac\xc9\x9b@\xce\xa0\x82\xac\xc7\xb5%\x80J\x9fXQ\xb6\xb3RgnT\xb4\xc7S\x82\xfeNHmou\x8e\xd3\x90\x8d\x90y\xda\x98\xb5C\x91u\xf2\xbd\x8b\xa1f\xad_\xc7wH\xb9\xae\xd3T!\x89+\xcc\x9c=zv\x99\xa7\x91\xbe\xdb\xcf\x858y\x85JPZ}@\xb6P\\\xd9\xab\xa3\x8a\xaeQ\xcb\x8f\xbb\xc9\xa0co\x80]\xc7\xac\xc3\x84\xb2\x8f\x8c%$88\xaa\xc2\xec\xd0<HH6\xb1s4\xba/<\x84i\x8c\x1b\xbd\xa8\x1b\x85\x9d\x96\xc5\xa3\xca\xae]\x87\xaf\xa4\xc1a\xcb\x9edKd\xcfI\x9d\xcc\x82x\x85@DJt\xd7\xa0B\xb5\x9de9\xb9\x8e\xa8~O\x83~]\x9a\x81\xb0\x99\xc7\xa1\x85\xe7\\\xb95\xc1v\x80\xae[\x82\xc9\x84}\xabHeQB\xc1\xe4\xe3N;c\xab]\xa9\x97\x7f?W\x97_T\x87\x88T0\xb7lo\xa4\xc0l\x95`\xe2~\x85s\x8c{V\xbf6\x95\xcc\xa1\x82\x8dK\xb3w\xc9\x95\x95X\xe31\xb8\x93Z^\xc7\xc2Fdl0\xc1\x93T\xd3\xa3\xc4\x89\x8dwS\x81\xa4}n\x8d\xea]YN\x8dt3\x8a\x9a\xb0{=w\x8c>\x91g\xa4\xc3\xb8\x84S6Nt;y5(\xc9e\xbb\x81\xab\xd3l\x81=\xb9x\xfcL\xa9\x9b\xcc\xad\xa8}\xe3w~\xcb\x92\xbc\x81\xa2\xc0\x82s\xc6z\x7f<\xd3\xeex\xde\x90\xca\x979J+\xb3\x96\xd8\xc88]\xb6\\[\xdbJ\xb6\xa9\x92_\x8c\x9aQS\x1d\xb5i\xd2<=\x9e\xaa^\x9akV\x87\x87\x82\xcc\xbc\xb7\xe0/\xa0\x86\x8c\xbc\x9cz\x94\xa72]\xa0\x1b\x9f\xaa\xa7z\xa6\xbc\xc3\x9e\xe5\x8d\xca\xbcG\x90\x86\x93j\xa9\x9bf\xe4f@\xceIl\xa7KaV\xear]c\xcfvt\xd2\x83cU\xb6\x8d\x85\x80\xaa+\xad\xddq\xca[\x94\xb5\x93\x99\xd9\xd5\x85\xacL\xb8\xc2\xb6\xc1\xc1\x8a\xb0z\xb0\xe4l\xd1D6z\xd3_Td\xa5\xa2R\xadn\xc2\x9f\x9d`\xbeY]Y\x7fa\xa1\xbd\xd6\xba\xbcW\x8f\x994\xaa\xe1S\xb3Lw*1[\xc2X\xc5X_T\xa8\xb4zk\x94k\xcb\xb5\x96\x8aUy\xcbcbhe`\x97gvLQ\\\xce\xbfA\x90p\x84SdE>E\x9f\xba?k\xc3aa~\xcf\xc5\x9c\x99\x9e8\\\xb5[z\xee\xaa_h\xc4x6uy\x91\xc5\xdau\x80\xb2\x17\x80\xc0K`\xcfzyO\xd3\xc1\x9c\xb8\xcc\x96\x8b\x8d\xb3X\x8fM\xa5\xba\xbe\xcc\x91Q\x946\xbb6\x8b\x8eMS\xa3\xd3\xc6w\x9a\x80\xe6\x99X\xa0\x8c\xba\xbd=\x9e\xcb]R\xf7\xad\x8e\xa8\xa8\xaa\xa5[{\xb0S\xc9E\x99e\x8b\xf1\xa9:\xa36u\xd2s\x8f\xa9\xb5\x89zsz\xadAq\x90xy\x8e\x8e\x9f\xabn\x9c\xc6\xac]t\x97Xu\xb9\xbb\xb3:l\xbc\xa9{\xb5\xe6\x95\xbbn\x8b\x9c\xaa\x97\x7f\x80YK\xac\xbc=\x9a\xcc\xc0\xcd<?Dx\xd3\xaf\xf0\\@\x82k\xbc\xc9pBRe7\xd0\xc4\xdb;d\xb5Y}\xa4tT\xa4W\xdfT?\xaaT\x80\x8e9\x9e\xd4a\x99\xdf=\xd32\xda2\\\xb9\xb3\x8aS\xecH\x91\xa3L\xbety\x88\x84\x9a\x12+ee:=\xacMv\xd1r\xa3\xc3\x87a\xc6q_\x96\xd8Z\x8es^\xbd\x9eKY\x9bZ\xda\xb1\xbd\xf7O\xd5\xba\xc53\x9d\'\x9fN\x15\xc4\xb7\xc9:\xd9|\xd5^\x1am\xa4\x9cO\xdd\x85=\xa9m\xa2\xb4W\xc1\x9dp\xc8\xa8c\xa7E\xbfL\xa8T\x9a\xaa\x11l2\xcc\xaa|}8\x88\xcd\x9e\xbd\xab\xc2\xe9uxZ9V\x9aH\xf9nl\x87t\xa9DZ6\xbc7\xbb\xa6G\xed\x17\x7f\xbel\xcf;I>\xa8\x9f\xa8\x89|\xe1q\xd0\xb9\xc3O\xb4\xce\xc3`\xb3r;\xae\xa7\xea\xb0\xcc\x8c>9P\xca\xc1\xb2\xde\xaeX{[\xd1L\x98\xce\xa5Uj\xa3\x9a\x84\xaa\xe4\xc4\xc0\xd0\xd8U\xe6s`\x80\xa2y\x90E\x99\xc5\\zv|C\xa0\xac\xb3\xa69A\xdd\xa8\x92P\xb4W\xb8\xa1\xb2q\x86\xc2K\xc8\x86Gt\xb0\xd9\xb9\x9f\xb7i\xael\x9b\x9eki\xe6\x8a\xd0\x87\xd0\x94(\xed\xe4\xa0|\xb3\xa9\xbbJe\x99\xab]\x99\x9f[rA\xbd\xb3\xc5S}[\xc5\xf9\xbc\x83\xc5\xba\xb6\xae\\ic4\x82?\x9f\xc0\xbb\xe7^HFu\x9b\xcap>\x82\xd7d[B\x8bx-\x9f\x8cX\x8azS\x9a\x99\xcf\xa8\x91\xfa\xd6\x96];\x9d\xa0\x94\xc2s\x9b\xc7\xa7E4M\xae\x9d\xb9\xdbDJM\x8cf\xd1\xcd\xaa\xbe\x83Av\x919\xabl\xf3s\xce\xa4\x8bPCNt\xda\xc5\'w\xdc\xaco\xa7\x9691TeLp\xd7EP?\x9c\xa4\xa1\xc4P@\xde1\x95\x9c\xcb\\\xc4W\xc5%\xb36\xcb\xd7br\x83Ww\xa0b|oy\x8dkvaa\xaf\xbf\xd3aS\xc6\xdd\xc3\xa6\xaflR]\xb8\xc6?\x81gah\xab*\xcd\xc2\x93S\xa9\x9d|\x86\x9f3\xc4\x86\x9dY\x99p\x9e\xbbv\x96\xb7\x88\xc9\xbc\x8em\xb2\xa8\xbd\x90\x91\x9as\xc9\xb2x\x84\xbd*V\xa0\x92\x7f\xb2y\xa7oi\x8a&\xe7\x88\x91\xb0\x7f\xa2T\xc5bnjn}]\xdf5\xa0z\x97`n\x90\x98\x88\xbf\x89\x8ezSl\xd2\x85\xba\xab\xc4\xb8\x16\x99c\x86\x92h2g\x88/R\x85\x9a\xd0\x84Y5\x83\x92\xa7\xe7h\xa3j?Y\xc6\xd3\x9a\x84\xcb\xc0x.:\xa4m\x88\xacg\xc8\xa3\x98\xae\xb1d\xcbk\xab\xa7\xd5\x8a\xc3l8\xa2\x13\x83\xc5\x92\xa3c\x99X;\x8c\xd8ZX\xa6y.\xd4wZ`\x9f<\x9d:\xa1\xbd\x80\xab\xd3e\xbd\xed\x8d\xbd\xc2\xc0`\x90\xd5\xca\\@\x98\xb1\x99\xe5B\x9e\xbb\xa6z\\E\xaaBYQ\xcfZ\xc9i\xb7}\x86\x87f\x81\x99E\x85ZY\xd3\xa0\x8b\xaf\x8aZvC\x80\x83Xa8\x92\xa1\x89u\x80\x8flE\xf0\x8e\x96\x7fY\x8cVY\xceK\x81B\xd1J\x92\xb3|Q\xc0\xdb~e\xe5\xa6\x8c\xca@yd7\xca\xd1\x82\xae\xd9AX5eQ\xb6\xc0\x8f\xa6\x82}\xd0S\xc5\x99`\xc7\xf1Wu#9S\x89N\x87L\x82G=\x9aL\xc2\x87\x95\x91\xc3L\x8e\x9b\x92\xe8\xaby\x8a\xb5iWt\xed\xc4_\xb3\xbf8j\x99\x18N{pLZ\xe8\x88r\xaciH\x92=(\xb77\xa4\x89IJ\xe6l\xaeh\x8d\xe2\x81\x92\x8b\x8e59W\x88T\x9e|c[CVcg\xb0Rch\xbb\xb3f%\xf6IV\xc0LEN\x98\xe5\xb2\xa4b\x90\xca\xbb\x8b\xd1d`\xd2\xc82X\xa1RWu\x96t\xab\xba\x9e:\x86\xba\xbb\x877z\xa7\xb1rC/\x8c\x82\xb2|\x83B u\x9d\xbf\xce\xa0}OcKMz\xaa\xceKW\xa9{\x83\xd7\x88A\xab\xcav-|\x82\xc3\x93h\xd5\x8c{\xf0W=\xbe_\x85\xeb\xa0\x95\x9a_\xf6\xa4g\xa6Ea\xc1\xb5\xc3\xad\x96\xb3\xbe\xaf\xc9\xa1\xb6\xdf\x90lx\xa3KvJEy2\x85\x92y\xc5\x8c\\\xa6\xcfm\xc6zQ\xbc\x92\xab\x9aU\\i\xba\x89\xe6\xb0\xe5\x85}H\xc6b|\x84Fh:\x9d77\x83\x92\'\xd4i\xb7\x91\xc7\xbcf\\7}\x97\x9e=\x8bUk\x90^B\xa3\xa5\x85Sh:\x99\x9f~\x85\x83WqT\x8b\xc7(}\x99\x80\x82\xafx[\xa6r\xef\xb1T\xc2\xaf\x9a\xd6n\xd8\xcbXz`s\xc5\xe8N\xab\xb3<\xf5\x84\x82\x9c\x87S\xd5\xb6j\xcaP\x8c\x99U\x9eFn\xc1\xee{\x969\xa1\x82\xb5\xc3\xef\x85\xe2\x89t\xd6\x9c\xa8\x8e\x99\xd7\x85xT\xdfb{\xd6W9\x7fv\x92\x86,\x98DLG\x897\x9fV\x83\xb5\xcfd\xaa\xe7?\xc6\xc82Q\xbe\x8cu\xab\x94\xac\xd3\x89\xef\x88\xb6b\x81\x9c\x98Y\xdbfPa\xc6\xc9\x99\x94=\x9dk[\xa1O\xc2\xc3R\xd3\x81\x84)\xc0fe\xd4\'\xb4\xb7\xda2\x9a\xa9\x8d\x85\x8c\x96\x93w\xe6\xc6\x9f\xa2{\x8fS\xc5t\xb5e\xa7dP\xbbae\x90\x16\xa0\xbf\xb2\x85n?c2o\x90\x96rJ\x7fJc\xd5\xe5y\xc9v\xc3\x96^_a\x82\\\x96TA\x86\xb3\xacST\xcd\xaa\xb2\xc8\xd5\x97jk-\'\x7f\xa9D\xa1\xa7p]\x92\xa7\x84=M\xb5T\xd2Fb}\xaf\xc0\xa4\x87\x97\xa0\x95E\x89\\\xde\x8aZK\xae\xb6\x83@}S\x91\x92v\xdb\x9d\xa0\x91\x945;\x99nd\xf0\x87W\xc2\xbaHlQ\xcal\xaf\xa1\'R\x85L\xa9\x81\x99~\x90b\xc8_T\xb3\xaal\xe8\x9fSTXDb\xc2\xa9\xb6\xa7n\x8dl>\x8f1\xb8\xe6[\x99\xa4\xc4\x9cw?E\x92}\xc7-n\xa54\xe5\xa3\x881\xbf\xc2\x9e\xb6\x8a\x96`\xb0f\xaeiF\xa7q\x99\xc7k\xc5l\xcc\xc1\xcdO\xd3x\xc7csQ\x83\xbdz\xad\x97}\xe7\x9c@b\x94\xa9\xde|Ov0\x98\xbb\xc1\xbf\xa6\x91\xb5b\xd8B\x84\xa6\x92\xd5\xbf\x9cx\x98\xb6z\xc2\xc7\x91\x93z\xa0\xd8J\\}\x9dLr\x8fjB\x81\xd1|h\x99l\xf0\xd2V\xa4\x14\xcb\x95\xb1\xbf\xa0M\xc8=\xc6\x85x`^\xd1\x7fi_\x9f\xc7e\x1d\x95}\xa1\xb0\xa5\xa6\xb3\xd7\xde~\xdd\x17[o\xb3\xdaW\xb0\x90i\xb7\xa6L\x8dO\xa6\xc9J\xd59\x89\x95qD\xc1\x97\xb0tE\xa4\x86\x90.\x9f\xad\x99\x9b\x86\xaa\xb3\xc7WR\xaet\xa8\xae\x7feq\x98\xaa\xd85_\xbf\xa5\xb3``\x7fc\x98\xd2\xdd\xca\x84``{\x8a\x98\xa3x\x85\xbf\xdf\xc2\x86\xacB\x94{GU\xaf\xb3\xa3k\xdd\x87\x8d:\xe2/\xcc\xb3\x7f)\x93\x91^k\x86\x189\x9e\xd7iM\x84\xe8b\x879\x8e_1[\x9aPz\xafYcOqF\xafK@jS\x86YGv\xa9G\xd7\xbbYz}S\x81m\xbd1S_`I\xcaR\x8eFA\xd8\xc6\xa5q\xd6S}\x98\xcfO\xbd;\x83\xcbZ\xca\xc3\xceD:\xc0:\x9c\\\xd5\xc4B\xc2(\xa8{\x8e\x8c\x7f\x81n\xcf\x94TA\xbe\x84\xbe-\x8dA\xb69\xb4\x9a\xc9\xc4z>\xc7\xa6ev\xab\x98I:\xb6O\xd6\xdaM\x8fp\xcf\x8c\x98eh\\&L\x8b\xbcUI6\xda\xc2P\xc0\xdd`K\x9eR\xb1#6\xa5\xbe\xca\x9cc \x8a\xa5\x89\x96F\xac\xa2\xca\x9bO\xccc\xf4\xcdhQ\xc6\xacA\xb7\xb7p9vn\xd8V\x9aF\x8f\xc6]\xeb\xc0\xeatR\xc8\x96;\xdfi4\x88\x9b~]eHQ\x96\xc2\xc2\x98W\xc2\xe0\xa5\x80\xa9[\xb2\x89\xb9S\xa7i\xd1k\x8d6\xb4\xa4\x7f\xa1\x93\xc0T\x95\xd1\xbd\x90\x8e\x9b\x9d\xe5_H2\x83{Q\xa6K\xaf\xaa\xcdB\x85v>\xccd+jJ^\xc3\xe3\x87\xc7\x8d\x8fzgi\x93\x83\xa5js\x8bC\xa2\xce\x9d\xb0R_W\x8bd9K(O\x85rQ\x81\xafV\xb7o,\x94\xe5\xc0\xc4\x93\xb0\x9e\x92\xa6R^\x9a\x80\x8d]\x94M\xbd\x93\xa9Z\xa7*LB\xaa\x80w\x92im_\x8a\xa7\xb3c\xbb\x13\x8eG\xad\xa3\xb7\xb1\xaf\xe88g7i\xa8\x80\xc3\x8a\x15Sb\xc9\x8boX\x9f\x81\xdc\xdcn\xdc\x8d\xae\xa5?PK\x80?\xd5\xa8\xa0Y}8Yb~\x86\xc5\x9c\x96\x9e\x7fm\xbbOz\xc7\x8a\xb9\x9eR\x9e\xe1\xcf\xb21\xd0K]\xaf\xe0\xd2dOs\xa4\xb0W\x94\x9d\xb7\xbf_\xd2\x9e\xc6>vQ\xbe\xaa\xa3VY\xa6C\xb5\x91\x7fTvd\xac\xd8mWA\xe6\xc8\x82\xd1Q\x95\x9e\xcd\xde\xb8\x19\xac\xb3c\xbb\\]m\x86P\xd3r\xa8\xd6\xaf\xb3\x91sztFcL\xabv\x88\xc9L<z\x8f8w\xcae`i\xd7os\xb1\xa1k\xb3w\xc6[\xd7t9?q\x90E\x8c\xcbyu\x97r4\xd5\xcbjh\xb7\\[\x9c7\xc4\xab\x97\xbaIv-\xae\xa7\xc1jbVh\xf9\x9bmkz\xb7\xb4\xb4SwD\xed\xdc\xacjg\x86\xd6\x85^\x95\xb4\x99I\xa4\xc8\xa490y\x9f:{Arf\xac;\xcb\x97\xcb\x95\xa4]*\xa0{I\xac\xc5\xa3$\x8c\x8eT\x8fxV:\xd3t\xc8\xa5\x97\xa8\x83\xbc\xad\x81|o\x87\x9f\x95`\x9cP\xcc>as\xb3eL\xecv\x93]I\xd3\x90\xb6\xbeZ\xae\x8aY\xd2\xba\xab\xd5Q\xae`\x84\xb4>5}t\xba\x93\xbb\xa4S8\xb9\xde\xcd\x8b:\xa8\x81\xb4\xbc`\xa0\x83\xe9WI\xaf\xcc\xd7\xaa\x91\xce\xa5\xc0\xb6\xb3`\xc3g\xf8\xcd\xa1\x98|\xc4\xc9f\xbepP\x9aW>v\xccT\xb6tt\xae\xbe\xbe\x8e\x86\x80\xa8Iz\xc8\xa4\xa6\xaa\xbc\x8al\xe4B>\xd0]g"\xcb\xb16|\xb2\x8d\xc3N\x93\xac\xab\xc1\xa2BC\xbf1\xc0\xcbN\x92\xb1\xb8\xcf{aQ\xc1p\x9b\x9c\xab|x\xd7\xaaZ\x9e<[\xa8\xa9]C\xc0\x82\xb8\x88\xdfi\xd0\x7fh\xa1[{7\xc3Bj\xa3y8\x96\x95[\xa1\x95k\x87Q\xa2|\xbc\xd0\xea\x88\xc0\x84S\x93\xc3~P\x90\xb1\xc6\xa8\x8fY\xae\x9f8\x94\x85\xc2\xb9W~\x99dQ\x91,\xc8s\xa7\xd0\x86p\xb0U\xa9ltt\x92rs\xef\xbb7s\x88^\x1e\x9c\x9b\x9f\x88<\x8f`X\\\xc4\xa58R\xbe\x9c\xb3N\xc5_\xc0\xd4p\x87\xa8Q\x80v\xa5\x94`\xb9N@)\xc1gKk[\xd0\xacrV\xabAP\x99\xc3;\xa2\xcc\xbcTC\x9dnBxV\xba5x\xc1\xce\xc6\x97\xc8\x90z\x8b)\x92\x8c\xd0\x8c\xc8U\xe1c\xb5\xc0_\x93\x89\x9e\x83\xc8\xc36\x7f]\\\x91ch\xbad4\x98\xb0\xca\x1bu\x8b^\xb1\xeb\xd7ij\xb1swYl\xa4\xae\x8f\xc0HcN\x96}\xa5\xa7qli[\xbc`\x8d\xa2\xa4\x97I\xa3\xc8\xb2\xc9TR\x95\xd4\xe9\xac\xb2\xd5\\pu\x8c\x940~\xa2\xcc\xc4\'`\xb4\xb4yj\xa9\x97\xc1\xb9\xa2\xd5l\x82f]\x87\x9a[JT\x9c\xbbe\xb5\x85S\\ot_m\xa2G\xbda\x8av\xbe2;\xa5\x8dR\xb4\x8bC\x81\xbfv\xc0\x98M\xbfB\xa8\xb2\xab\x88\x8c\xc2\xb7\xbb\xd8\x83O\xd3GIf+\xbaN\xbfEpH\x8b"}\xaa`\xcemY\xb5\x90N\x81U\xa8w\xdb\xd3Q\xd9\xa5\x8a\xb8h\xc6ZY\xd6\xb8|_\xc3V?Ot8Zce\xd7\x85\xe129\xe5\xa0\xe0T3q\x8e\x9dt\x9aTMi\xc5u\x9f\x88\x82~\xd8:\xb4Y\x7f_pJ\x85ph_\xa9\xc8\x8a\x92\xd5N\xc7\xc7g\xda`^\x82E\xbc\x8c\x93\x9b.@\x9c_R\xc4u\x82\x8d\xd9\xaf\xb5hNs\\\xa6$`t}Ji\x8a\'\x9e\x8eL\xa0\x89\x969\xa5x]\xc7\x80,EVj\xd2\xe7\xcf\xd8\x9f\xabS*\'\xc6\x87z\x8f9\x8fBW\x80\xce[\x1c\xdbCy\xa5\xd7\xb1n\xb665\xc3\x8bS\x89\x91\xb7p}8T\xa4q\x8a\x93ONc\xa3X\x85+y\xb7\x8bA\xd5r\x86kQ\xc1\x8e\x95\xa1ex\xb9U\x8b\x87\xc6\x9bpzI\xba<gg\xc3\xc8g\xa0D=\x98\xa2`\x9a\x91\xcaY\xd1\xcfd\xcd\x84uh^\xdb\x96\x98\xb2\xa3\x83G\xa1sn\xb2\x82jq\x81\xbe0\xac\xb8h\xbfC\x8bj:jvzx\xa8DL\x9a\xc1\xb6\\\xd3b\xa7\x9e\x12G,\xacT\xde\xc9m\xdf^:\xa6\x7f\xcah\xad/]\xd3\xcff\x89\xa3\x97\xd4c\x9d\xac~\xbde=V\xd4o\xcb\xad\xa5\x1aI\xd6\x9c\x82\xbe\xba\x89H\xbc\xb9?\xde\x89\x8aU;\xd9\xa8\x9d(\xb3\xcb\xc9u\xc59>\xae\xb9\xb9U\xf0\xcd\xb4\xca\x96L_\xac\xb9\xa2^V\xe3\xa4\xfb\x9f\x8a\x7f\x8c\xdc\xb5\x91\x99\x819`<\xa5\xbc\xb5\x83\xaa\xceZQL\xd1\xb6\x8eE\xb9\x89[\xad87\xa6\xe2V\xb9s\xbaRz\x86\x93M\xf2\xaa\xb4A\xd4\x87Y\x90\xd3\xb1\x96\xc4\xb7\xaaU\x85RY\x8a\xacL\xa1|\x8cv\xdc\x9fN\xc5K\x82~\xddz\xb0\x81Y\xdd\xd5:5\xc6\x7f8v{\x96\xe2{\xaa\x98\xcfN\xab\xb0\xa9\\z\x82R\xbc[d\xbc^\x89\xb2\xa5P\xe0\x86\xca}\xfbX\xa4\xc0\xdb\x8be]\xa7\xb0\xe2\xaf\xaep\xdaM\x94\xaa\xddy^Pj\x93oK>\xa1\x98\xa1\x9aw\xb8\xd0\xc3\xd1:K`\xa8x@}\xb7\xc8\xabMIx\xd0\x84s\x99\xceu\x9ea\x91\xb2\x1e\xb0sp{\xb8ur\xca\xc9@^\x9a\xb0W\xa6\\\x8b\xcbn\x99\xf8X>\\2\x8e\x8aRw6?\xd4\xb0\xb8w+\xacG\xb4\x95S~\xdb~p\xb6|t}Dx\x92vh\xca\x8fm\xbdQ\x98v[\xbb\xc2\x8c\xc9{\x92fABx\xcd\x90\x8aZ\xceZ\xe7z\x7f\x8fG\xb6hV\xc4\xdb\x8f\xcb7aQ\xcfK\x9b\xb9K\xdc\x7fY\x8e\xcey]\xc6\xa5\xc5qf\x7f0\xc4\x89\xeckQDm>6\x9d\xb1\xd0Z\xd4IU\x98\xc4\xc4L\xc7U:tM\x9a\x95w\xb5\x8dC\x8d1\xc1o\xd3v\xb4U\xae\xb8E(<\xa7\x84t\xb9Jb\xd9CqC\xaf_T~.\x9b\xac\x88\xe7\xc6\x89:gC\xf8\xdcR\x1a\x84\x9a\xd1\xbcbLZo\xb1A\xbc\x80\x8e\xadm\xa4\xa4\xcd\xa6\x828\xadhm\x8aYh=\xf4\x95\xa4\xab{\xc3\xbb\xc9\x87MNfs{\\h\x8aC\x7f\xc8\xc2E?h6\x88\xd39\x1e\x9d\x91)\xa6\xc0\xc5]\xd8\xa8:&\xa0_sce\x97]^f}X\x8d\xb9:(\x83j\x92\xb8\xc6\xb4\xe7l\xc1f_@wiK5\xb0[67\x87a\xa3V\xc9\xf2\xa9L\x81@\x88\xc6\xc4\x9c\xc59\x9a\x89\x80S1q\xdf\x971T\x81*\xa6Y\x919\xc7\xa5b\xb8\\\xacU\x9c=\\@,\xafX\xcd\xda\xc8D\x8bW\xabmZV0M9w\xa7sJj\xbf\xbd\x85\xb47\x8cZ\x90k\xca.\xcb\xce\xb3\x82\xb5\xb2c\xb3\x92X\x8e\xc9\xa0>B\x8d\x81\x8fAq\x86\xb8\xc9m\x90ML\xa6E\x9c\xbd\xc4\x83\xa1Ao\xd6\xdc\xbdM\xe8\\e5\xb8\xbc\\N\xcde\xbeW{\xef\xbafy\xb9\xc3\xab\x9dm\x98\xcf\xb2z\x98\xd4\x93\xc7\xab\x94\x8aiX\xb8kE\xbf\x9f\xa6\xd7\x16\xa7XY9\x9b\xd5qD\x97\xc8igV\x82=@P\xc6]\xb6Y\xd7\xaajct{\xe7\xa9E\xb0ZJkeZ`\x9aj\xbby\x89\xa0\x7fJj\xaf*>\x8b\xd2\xdb1YJ\xa3\xa7p-\xa5\x97Kh\x16q\x98R\xe1<\xd7C\xc5\x86Y[\x91F\xb7\xb2\x8b\xb8\xa0yPUg\xb3\xb5\xd6u\xbaIUx\x9e\xda\x85Y\xed\xa8H\x83l\x9a|s\xbc\x86u\xb8\x86*\xcb\xd7\x96\xadK\xceFG\x86b\x9e`M$n\xac\x8b\xb0\xbf\xa9\xbf\x87a\xa4W\x8b\x80\x9e\x9a\xaa\xa1BG|\xd0\xc8\xc5C\x91\xc5F\xa8?f\xc4\x9aYdEx\xd8\xef\xcf\xa8W\xc7J\xc4<GO\xc3\x7f^?^\x8eD\xd5L\xc2jJ\xb1\x9fI\xc7\xb6\xc1\xb0\x82Ny\xd4U]\xbb\x97\x93Z\x94\xa2\xd0C\xb5\xd0T\x84\xb2}u\x9dn\x95\xc1o\x82Uv\xf5\xd0A\xc7g\x8a\xa0\x84\x91\x95\xa1_gt\xca\x9eWF\xcdg7\xe7.@\x83YN\xb1/CQ\xbd=\x82\xc4\x80\xb4\x91aN\x829\xd6n8\xc8cn', 28, 29, 'character maps to <undefined>'), <traceback object at 0x000000B92D01EA80>)

[19:53:03] [Main/INFO]	: |Preloading global variables| 
[19:53:03] [Main/INFO]	: |Beginning new instance| 
[19:53:03] [Main/ERROR]	: |Parse error| Slot number: 1

[20:09:07] [Main/INFO]	: |Preloading global variables| 
[20:09:07] [Main/INFO]	: |Beginning new instance| 

[20:09:20] [Main/INFO]	: |Preloading global variables| 
[20:09:20] [Main/INFO]	: |Beginning new instance| 
[20:09:30] [Main/INFO]	: |Loaded save| slot number: 1, hero name: "h", last saved: 2022-05-11 20:21:08
[20:09:30] [Main/INFO]	: |Preparing game data| 
[20:09:30] [Main/INFO]	: |Game loop started| 
[20:09:35] [Auto saver/INFO]	: |Beggining auto save| slot number: None
[20:09:40] [Auto saver/INFO]	: |Beggining auto save| slot number: None
[20:09:41] [Main/INFO]	: |Game loop ended| 

[20:11:02] [Main/INFO]	: |Preloading global variables| 
[20:11:02] [Main/INFO]	: |Beginning new instance| 
[20:11:11] [Main/INFO]	: |Loaded save| slot number: 1, hero name: "h", last saved: 2022-05-11 20:21:08
[20:11:11] [Main/INFO]	: |Preparing game data| 
[20:11:11] [Main/INFO]	: |Game loop started| 
[20:11:16] [Auto saver/INFO]	: |Beggining auto save| slot number: None
[20:11:21] [Auto saver/INFO]	: |Beggining auto save| slot number: None
[20:11:22] [Main/INFO]	: |Game loop ended| 
[20:11:26] [Main/INFO]	: |Instance ended succesfuly| 

[20:12:49] [Main/INFO]	: |Preloading global variables| 
[20:12:49] [Main/INFO]	: |Beginning new instance| 

[20:12:54] [Main/INFO]	: |Preloading global variables| 
[20:12:54] [Main/INFO]	: |Beginning new instance| 
[20:12:59] [Main/INFO]	: |Loaded save| slot number: 1, hero name: "h", last saved: 2022-05-11 20:21:08
[20:12:59] [Main/INFO]	: |Preparing game data| 
[20:12:59] [Main/INFO]	: |Game loop started| 
[20:13:04] [Auto saver/INFO]	: |Beggining auto save| slot number: None
[20:13:09] [Auto saver/INFO]	: |Beggining auto save| slot number: None
[20:13:10] [Main/INFO]	: |Game loop ended| 
[20:13:12] [Quit manager/INFO]	: |Beggining manual save| slot number: None
[20:13:12] [Main/INFO]	: |Instance ended succesfuly| 

[20:14:50] [Main/INFO]	: |Preloading global variables| 
[20:14:50] [Main/INFO]	: |Beginning new instance| 
[20:14:53] [Main/INFO]	: |Loaded save| slot number: 1, hero name: "h", last saved: 2022-05-11 20:21:08
[20:14:53] [Main/INFO]	: |Preparing game data| 
[20:14:53] [Main/INFO]	: |Game loop started| 
[20:14:58] [Auto saver/INFO]	: |Beggining auto save| slot number: None
[20:15:03] [Auto saver/INFO]	: |Beggining auto save| slot number: None
[20:15:11] [Main/INFO]	: |Game loop ended| 

[20:47:01] [Main/INFO]	: |Preloading global variables| 
[20:47:01] [Main/INFO]	: |Beginning new instance| 
[20:47:05] [Main/INFO]	: |Loaded save| slot number: 1, hero name: "h", last saved: 2022-05-11 20:21:08
[20:47:05] [Main/INFO]	: |Preparing game data| 
[20:47:05] [Main/INFO]	: |Game loop started| 
[20:47:10] [Auto saver/INFO]	: |Beggining auto save| slot number: None
[20:47:15] [Auto saver/INFO]	: |Beggining auto save| slot number: None

[20:50:18] [Main/INFO]	: |Preloading global variables| 
[20:50:18] [Main/INFO]	: |Beginning new instance| 
[20:50:21] [Main/INFO]	: |Loaded save| slot number: 1, hero name: "h", last saved: 2022-05-11 20:21:08
[20:50:21] [Main/INFO]	: |Preparing game data| 
[20:50:21] [Main/INFO]	: |Game loop started| 
[20:50:21] [Quit manager/ERROR]	: |thread crahed| (<class 'KeyError'>, KeyError('escape'), <traceback object at 0x0000007A215EF900>)
[20:50:26] [Auto saver/INFO]	: |Beggining auto save| slot number: None
[20:50:31] [Auto saver/INFO]	: |Beggining auto save| slot number: None
[20:50:38] [Main/INFO]	: |Game loop ended| 
[20:50:41] [Main/INFO]	: |Instance ended succesfuly| 

[20:50:58] [Main/INFO]	: |Preloading global variables| 
[20:50:58] [Main/INFO]	: |Beginning new instance| 
[20:51:22] [Main/INFO]	: |Loaded save| slot number: 1, hero name: "h", last saved: 2022-05-11 20:21:08
[20:51:22] [Main/INFO]	: |Preparing game data| 
[20:51:22] [Main/INFO]	: |Game loop started| 
[20:51:27] [Auto saver/INFO]	: |Beggining auto save| slot number: None
[20:51:32] [Auto saver/INFO]	: |Beggining auto save| slot number: None
[20:51:33] [Quit manager/INFO]	: |Beggining manual save| slot number: None
[20:51:48] [Main/INFO]	: |Game loop ended| 

[20:54:05] [Main/INFO]	: |Preloading global variables| 
[20:54:05] [Main/INFO]	: |Beginning new instance| 
[20:54:23] [Main/INFO]	: |Loaded save| slot number: 1, hero name: "h", last saved: 2022-05-11 20:21:08
[20:54:23] [Main/INFO]	: |Preparing game data| 
[20:54:23] [Main/INFO]	: |Game loop started| 
[20:54:25] [Quit manager/INFO]	: |Beggining manual save| slot number: None
[20:54:29] [Auto saver/INFO]	: |Beggining auto save| slot number: None
[20:54:34] [Auto saver/INFO]	: |Beggining auto save| slot number: None
[20:54:39] [Auto saver/INFO]	: |Beggining auto save| slot number: None

[21:01:27] [Main/INFO]	: |Preloading global variables| 
[21:01:27] [Main/INFO]	: |Beginning new instance| 
[21:01:37] [Main/INFO]	: |Created save| slot number: 2, player name: "2"
[21:01:37] [Main/INFO]	: |Preparing game data| 
[21:01:37] [Main/INFO]	: |Game loop started| 
[21:01:42] [Auto saver/INFO]	: |Beggining auto save| slot number: None
[21:01:47] [Auto saver/INFO]	: |Beggining auto save| slot number: None
[21:01:57] [Quit manager/INFO]	: |Beggining manual save| slot number: None
[21:02:06] [Main/INFO]	: |Game loop ended| 

[21:03:53] [Main/INFO]	: |Preloading global variables| 
[21:03:53] [Main/INFO]	: |Beginning new instance| 
[21:04:02] [Main/INFO]	: |Loaded save| slot number: 2, hero name: "2", last saved: 2022-05-12 21:01:37
[21:04:02] [Main/INFO]	: |Preparing game data| 
[21:04:02] [Main/INFO]	: |Game loop started| 

[21:04:55] [Main/INFO]	: |Preloading global variables| 
[21:04:55] [Main/INFO]	: |Beginning new instance| 
[21:05:02] [Main/INFO]	: |Loaded save| slot number: 2, hero name: "2", last saved: 2022-05-12 21:01:37
[21:05:02] [Main/INFO]	: |Preparing game data| 
[21:05:02] [Main/INFO]	: |Game loop started| 
[21:05:03] [Quit manager/INFO]	: |Beggining manual save| slot number: 2
[21:05:07] [Auto saver/INFO]	: |Beggining auto save| slot number: 2
[21:05:12] [Auto saver/INFO]	: |Beggining auto save| slot number: 2
[21:05:17] [Main/INFO]	: |Game loop ended| 
[21:05:36] [Main/INFO]	: |Instance ended succesfuly| 
